[DEBUG] Migration already effectively installed (skipped): \phpbb\db\migration\data\v31x\v313rc2
[DEBUG] Migration already effectively installed (skipped): \phpbb\db\migration\data\v31x\v3110rc1
[DEBUG] Migration already effectively installed (skipped): \phpbb\db\migration\data\v31x\v318
[DEBUG] Migration already effectively installed (skipped): \phpbb\db\migration\data\v31x\add_smtp_ssl_context_config_options
[DEBUG] Migration already effectively installed (skipped): \phpbb\db\migration\data\v31x\m_pm_report
[DEBUG] Migration already effectively installed (skipped): \phpbb\db\migration\data\v31x\v319
[DEBUG] Migration already effectively installed (skipped): \phpbb\db\migration\data\v31x\increase_size_of_dateformat
[DEBUG] Migration already effectively installed (skipped): \phpbb\db\migration\data\v31x\v313rc1
[DEBUG] Migration already effectively installed (skipped): \phpbb\db\migration\data\v31x\v314rc1
[DEBUG] Migration already effectively installed (skipped): \phpbb\db\migration\data\v31x\v314
[DEBUG] Migration already effectively installed (skipped): \phpbb\db\migration\data\v31x\profilefield_yahoo_update_url
[DEBUG] Migration already effectively installed (skipped): \phpbb\db\migration\data\v31x\increase_size_of_emotion
[DEBUG] Migration already effectively installed (skipped): \phpbb\db\migration\data\v31x\add_latest_topics_index
[DEBUG] Migration already effectively installed (skipped): \phpbb\db\migration\data\v31x\v311
[DEBUG] Migration already effectively installed (skipped): \phpbb\db\migration\data\v31x\v313
[DEBUG] Migration already effectively installed (skipped): \phpbb\db\migration\data\v31x\v316rc1
[DEBUG] Migration already effectively installed (skipped): \phpbb\db\migration\data\v31x\v317pl1
[DEBUG] Migration already effectively installed (skipped): \phpbb\db\migration\data\v31x\add_jabber_ssl_context_config_options
[DEBUG] Migration already effectively installed (skipped): \phpbb\db\migration\data\v31x\v317
[DEBUG] Migration already effectively installed (skipped): \phpbb\db\migration\data\v31x\v316
[DEBUG] Migration already effectively installed (skipped): \phpbb\db\migration\data\v31x\profilefield_remove_underscore_from_alpha
[DEBUG] Migration already effectively installed (skipped): \phpbb\db\migration\data\v31x\m_softdelete_global
[DEBUG] Migration already effectively installed (skipped): \phpbb\db\migration\data\v31x\v315
[DEBUG] Migration already effectively installed (skipped): \phpbb\db\migration\data\v31x\v312
[DEBUG] Migration already effectively installed (skipped): \phpbb\db\migration\data\v31x\v317rc1
[DEBUG] Migration already effectively installed (skipped): \phpbb\db\migration\data\v31x\plupload_last_gc_dynamic
[DEBUG] Migration already effectively installed (skipped): \phpbb\db\migration\data\v31x\v314rc2
[DEBUG] Migration already effectively installed (skipped): \phpbb\db\migration\data\v31x\update_custom_bbcodes_with_idn
[DEBUG] Migration already effectively installed (skipped): \phpbb\db\migration\data\v31x\v3111rc1
[DEBUG] Migration already effectively installed (skipped): \phpbb\db\migration\data\v31x\v318rc1
[DEBUG] Migration already effectively installed (skipped): \phpbb\db\migration\data\v31x\update_hashes
[DEBUG] Migration already effectively installed (skipped): \phpbb\db\migration\data\v31x\add_log_time_index
[DEBUG] Migration already effectively installed (skipped): \phpbb\db\migration\data\v31x\v3110
[DEBUG] Migration already effectively installed (skipped): \phpbb\db\migration\data\v31x\v315rc1
[DEBUG] Migration already effectively installed (skipped): \phpbb\db\migration\data\v31x\style_update
[DEBUG] Migration already effectively installed (skipped): \phpbb\db\migration\data\v31x\v319rc1
[DEBUG] Migration already effectively installed (skipped): \phpbb\db\migration\data\v31x\v3111
[DEBUG] Migration already effectively installed (skipped): \phpbb\db\migration\data\v31x\remove_duplicate_migrations
[DEBUG] Migration already effectively installed (skipped): \phpbb\db\migration\data\v31x\v312rc1
[DEBUG] Migration already effectively installed (skipped): \phpbb\db\migration\data\v32x\user_notifications_table_index_p3
[DEBUG] Migration already effectively installed (skipped): \phpbb\db\migration\data\v32x\user_notifications_table_index_p1
[DEBUG] Migration already effectively installed (skipped): \phpbb\db\migration\data\v32x\user_notifications_table_temp_index
[DEBUG] Apply dependencies of \phpbb\db\migration\data\v32x\v321rc1.
[DEBUG] Apply dependencies of \phpbb\db\migration\data\v32x\load_user_activity_limit.
[DEBUG] Installing Schema: \phpbb\db\migration\data\v32x\load_user_activity_limit.
[INFO] Installed Schema: \phpbb\db\migration\data\v32x\load_user_activity_limit; Time: 0.00 seconds
[DEBUG] Migration already effectively installed (skipped): \phpbb\db\migration\data\v31x\v313rc2
[DEBUG] Migration already effectively installed (skipped): \phpbb\db\migration\data\v31x\v3110rc1
[DEBUG] Migration already effectively installed (skipped): \phpbb\db\migration\data\v31x\v318
[DEBUG] Migration already effectively installed (skipped): \phpbb\db\migration\data\v31x\add_smtp_ssl_context_config_options
[DEBUG] Migration already effectively installed (skipped): \phpbb\db\migration\data\v31x\m_pm_report
[DEBUG] Migration already effectively installed (skipped): \phpbb\db\migration\data\v31x\v319
[DEBUG] Migration already effectively installed (skipped): \phpbb\db\migration\data\v31x\increase_size_of_dateformat
[DEBUG] Migration already effectively installed (skipped): \phpbb\db\migration\data\v31x\v313rc1
[DEBUG] Migration already effectively installed (skipped): \phpbb\db\migration\data\v31x\v314rc1
[DEBUG] Migration already effectively installed (skipped): \phpbb\db\migration\data\v31x\v314
[DEBUG] Migration already effectively installed (skipped): \phpbb\db\migration\data\v31x\profilefield_yahoo_update_url
[DEBUG] Migration already effectively installed (skipped): \phpbb\db\migration\data\v31x\increase_size_of_emotion
[DEBUG] Migration already effectively installed (skipped): \phpbb\db\migration\data\v31x\add_latest_topics_index
[DEBUG] Migration already effectively installed (skipped): \phpbb\db\migration\data\v31x\v311
[DEBUG] Migration already effectively installed (skipped): \phpbb\db\migration\data\v31x\v313
[DEBUG] Migration already effectively installed (skipped): \phpbb\db\migration\data\v31x\v316rc1
[DEBUG] Migration already effectively installed (skipped): \phpbb\db\migration\data\v31x\v317pl1
[DEBUG] Migration already effectively installed (skipped): \phpbb\db\migration\data\v31x\add_jabber_ssl_context_config_options
[DEBUG] Migration already effectively installed (skipped): \phpbb\db\migration\data\v31x\v317
[DEBUG] Migration already effectively installed (skipped): \phpbb\db\migration\data\v31x\v316
[DEBUG] Migration already effectively installed (skipped): \phpbb\db\migration\data\v31x\profilefield_remove_underscore_from_alpha
[DEBUG] Migration already effectively installed (skipped): \phpbb\db\migration\data\v31x\m_softdelete_global
[DEBUG] Migration already effectively installed (skipped): \phpbb\db\migration\data\v31x\v315
[DEBUG] Migration already effectively installed (skipped): \phpbb\db\migration\data\v31x\v312
[DEBUG] Migration already effectively installed (skipped): \phpbb\db\migration\data\v31x\v317rc1
[DEBUG] Migration already effectively installed (skipped): \phpbb\db\migration\data\v31x\plupload_last_gc_dynamic
[DEBUG] Migration already effectively installed (skipped): \phpbb\db\migration\data\v31x\v314rc2
[DEBUG] Migration already effectively installed (skipped): \phpbb\db\migration\data\v31x\update_custom_bbcodes_with_idn
[DEBUG] Migration already effectively installed (skipped): \phpbb\db\migration\data\v31x\v3111rc1
[DEBUG] Migration already effectively installed (skipped): \phpbb\db\migration\data\v31x\v318rc1
[DEBUG] Migration already effectively installed (skipped): \phpbb\db\migration\data\v31x\update_hashes
[DEBUG] Migration already effectively installed (skipped): \phpbb\db\migration\data\v31x\add_log_time_index
[DEBUG] Migration already effectively installed (skipped): \phpbb\db\migration\data\v31x\v3110
[DEBUG] Migration already effectively installed (skipped): \phpbb\db\migration\data\v31x\v315rc1
[DEBUG] Migration already effectively installed (skipped): \phpbb\db\migration\data\v31x\style_update
[DEBUG] Migration already effectively installed (skipped): \phpbb\db\migration\data\v31x\v319rc1
[DEBUG] Migration already effectively installed (skipped): \phpbb\db\migration\data\v31x\v3111
[DEBUG] Migration already effectively installed (skipped): \phpbb\db\migration\data\v31x\remove_duplicate_migrations
[DEBUG] Migration already effectively installed (skipped): \phpbb\db\migration\data\v31x\v312rc1
[DEBUG] Migration already effectively installed (skipped): \phpbb\db\migration\data\v32x\user_notifications_table_index_p3
[DEBUG] Migration already effectively installed (skipped): \phpbb\db\migration\data\v32x\user_notifications_table_index_p1
[DEBUG] Migration already effectively installed (skipped): \phpbb\db\migration\data\v32x\user_notifications_table_temp_index
[DEBUG] Apply dependencies of \phpbb\db\migration\data\v32x\v321rc1.
[DEBUG] Apply dependencies of \phpbb\db\migration\data\v32x\load_user_activity_limit.
[DEBUG] Installing Data: \phpbb\db\migration\data\v32x\load_user_activity_limit.
[INFO] Installed Data: \phpbb\db\migration\data\v32x\load_user_activity_limit; Time: 0.00 seconds
[DEBUG] Migration already effectively installed (skipped): \phpbb\db\migration\data\v31x\v313rc2
[DEBUG] Migration already effectively installed (skipped): \phpbb\db\migration\data\v31x\v3110rc1
[DEBUG] Migration already effectively installed (skipped): \phpbb\db\migration\data\v31x\v318
[DEBUG] Migration already effectively installed (skipped): \phpbb\db\migration\data\v31x\add_smtp_ssl_context_config_options
[DEBUG] Migration already effectively installed (skipped): \phpbb\db\migration\data\v31x\m_pm_report
[DEBUG] Migration already effectively installed (skipped): \phpbb\db\migration\data\v31x\v319
[DEBUG] Migration already effectively installed (skipped): \phpbb\db\migration\data\v31x\increase_size_of_dateformat
[DEBUG] Migration already effectively installed (skipped): \phpbb\db\migration\data\v31x\v313rc1
[DEBUG] Migration already effectively installed (skipped): \phpbb\db\migration\data\v31x\v314rc1
[DEBUG] Migration already effectively installed (skipped): \phpbb\db\migration\data\v31x\v314
[DEBUG] Migration already effectively installed (skipped): \phpbb\db\migration\data\v31x\profilefield_yahoo_update_url
[DEBUG] Migration already effectively installed (skipped): \phpbb\db\migration\data\v31x\increase_size_of_emotion
[DEBUG] Migration already effectively installed (skipped): \phpbb\db\migration\data\v31x\add_latest_topics_index
[DEBUG] Migration already effectively installed (skipped): \phpbb\db\migration\data\v31x\v311
[DEBUG] Migration already effectively installed (skipped): \phpbb\db\migration\data\v31x\v313
[DEBUG] Migration already effectively installed (skipped): \phpbb\db\migration\data\v31x\v316rc1
[DEBUG] Migration already effectively installed (skipped): \phpbb\db\migration\data\v31x\v317pl1
[DEBUG] Migration already effectively installed (skipped): \phpbb\db\migration\data\v31x\add_jabber_ssl_context_config_options
[DEBUG] Migration already effectively installed (skipped): \phpbb\db\migration\data\v31x\v317
[DEBUG] Migration already effectively installed (skipped): \phpbb\db\migration\data\v31x\v316
[DEBUG] Migration already effectively installed (skipped): \phpbb\db\migration\data\v31x\profilefield_remove_underscore_from_alpha
[DEBUG] Migration already effectively installed (skipped): \phpbb\db\migration\data\v31x\m_softdelete_global
[DEBUG] Migration already effectively installed (skipped): \phpbb\db\migration\data\v31x\v315
[DEBUG] Migration already effectively installed (skipped): \phpbb\db\migration\data\v31x\v312
[DEBUG] Migration already effectively installed (skipped): \phpbb\db\migration\data\v31x\v317rc1
[DEBUG] Migration already effectively installed (skipped): \phpbb\db\migration\data\v31x\plupload_last_gc_dynamic
[DEBUG] Migration already effectively installed (skipped): \phpbb\db\migration\data\v31x\v314rc2
[DEBUG] Migration already effectively installed (skipped): \phpbb\db\migration\data\v31x\update_custom_bbcodes_with_idn
[DEBUG] Migration already effectively installed (skipped): \phpbb\db\migration\data\v31x\v3111rc1
[DEBUG] Migration already effectively installed (skipped): \phpbb\db\migration\data\v31x\v318rc1
[DEBUG] Migration already effectively installed (skipped): \phpbb\db\migration\data\v31x\update_hashes
[DEBUG] Migration already effectively installed (skipped): \phpbb\db\migration\data\v31x\add_log_time_index
[DEBUG] Migration already effectively installed (skipped): \phpbb\db\migration\data\v31x\v3110
[DEBUG] Migration already effectively installed (skipped): \phpbb\db\migration\data\v31x\v315rc1
[DEBUG] Migration already effectively installed (skipped): \phpbb\db\migration\data\v31x\style_update
[DEBUG] Migration already effectively installed (skipped): \phpbb\db\migration\data\v31x\v319rc1
[DEBUG] Migration already effectively installed (skipped): \phpbb\db\migration\data\v31x\v3111
[DEBUG] Migration already effectively installed (skipped): \phpbb\db\migration\data\v31x\remove_duplicate_migrations
[DEBUG] Migration already effectively installed (skipped): \phpbb\db\migration\data\v31x\v312rc1
[DEBUG] Migration already effectively installed (skipped): \phpbb\db\migration\data\v32x\user_notifications_table_index_p3
[DEBUG] Migration already effectively installed (skipped): \phpbb\db\migration\data\v32x\user_notifications_table_index_p1
[DEBUG] Migration already effectively installed (skipped): \phpbb\db\migration\data\v32x\user_notifications_table_temp_index
[DEBUG] Apply dependencies of \phpbb\db\migration\data\v32x\v321rc1.
[DEBUG] Apply dependencies of \phpbb\db\migration\data\v32x\user_notifications_table_unique_index.
[DEBUG] Apply dependencies of \phpbb\db\migration\data\v32x\user_notifications_table_remove_duplicates.
[DEBUG] Installing Schema: \phpbb\db\migration\data\v32x\user_notifications_table_remove_duplicates.
[INFO] Installed Schema: \phpbb\db\migration\data\v32x\user_notifications_table_remove_duplicates; Time: 0.00 seconds
[DEBUG] Migration already effectively installed (skipped): \phpbb\db\migration\data\v31x\v313rc2
[DEBUG] Migration already effectively installed (skipped): \phpbb\db\migration\data\v31x\v3110rc1
[DEBUG] Migration already effectively installed (skipped): \phpbb\db\migration\data\v31x\v318
[DEBUG] Migration already effectively installed (skipped): \phpbb\db\migration\data\v31x\add_smtp_ssl_context_config_options
[DEBUG] Migration already effectively installed (skipped): \phpbb\db\migration\data\v31x\m_pm_report
[DEBUG] Migration already effectively installed (skipped): \phpbb\db\migration\data\v31x\v319
[DEBUG] Migration already effectively installed (skipped): \phpbb\db\migration\data\v31x\increase_size_of_dateformat
[DEBUG] Migration already effectively installed (skipped): \phpbb\db\migration\data\v31x\v313rc1
[DEBUG] Migration already effectively installed (skipped): \phpbb\db\migration\data\v31x\v314rc1
[DEBUG] Migration already effectively installed (skipped): \phpbb\db\migration\data\v31x\v314
[DEBUG] Migration already effectively installed (skipped): \phpbb\db\migration\data\v31x\profilefield_yahoo_update_url
[DEBUG] Migration already effectively installed (skipped): \phpbb\db\migration\data\v31x\increase_size_of_emotion
[DEBUG] Migration already effectively installed (skipped): \phpbb\db\migration\data\v31x\add_latest_topics_index
[DEBUG] Migration already effectively installed (skipped): \phpbb\db\migration\data\v31x\v311
[DEBUG] Migration already effectively installed (skipped): \phpbb\db\migration\data\v31x\v313
[DEBUG] Migration already effectively installed (skipped): \phpbb\db\migration\data\v31x\v316rc1
[DEBUG] Migration already effectively installed (skipped): \phpbb\db\migration\data\v31x\v317pl1
[DEBUG] Migration already effectively installed (skipped): \phpbb\db\migration\data\v31x\add_jabber_ssl_context_config_options
[DEBUG] Migration already effectively installed (skipped): \phpbb\db\migration\data\v31x\v317
[DEBUG] Migration already effectively installed (skipped): \phpbb\db\migration\data\v31x\v316
[DEBUG] Migration already effectively installed (skipped): \phpbb\db\migration\data\v31x\profilefield_remove_underscore_from_alpha
[DEBUG] Migration already effectively installed (skipped): \phpbb\db\migration\data\v31x\m_softdelete_global
[DEBUG] Migration already effectively installed (skipped): \phpbb\db\migration\data\v31x\v315
[DEBUG] Migration already effectively installed (skipped): \phpbb\db\migration\data\v31x\v312
[DEBUG] Migration already effectively installed (skipped): \phpbb\db\migration\data\v31x\v317rc1
[DEBUG] Migration already effectively installed (skipped): \phpbb\db\migration\data\v31x\plupload_last_gc_dynamic
[DEBUG] Migration already effectively installed (skipped): \phpbb\db\migration\data\v31x\v314rc2
[DEBUG] Migration already effectively installed (skipped): \phpbb\db\migration\data\v31x\update_custom_bbcodes_with_idn
[DEBUG] Migration already effectively installed (skipped): \phpbb\db\migration\data\v31x\v3111rc1
[DEBUG] Migration already effectively installed (skipped): \phpbb\db\migration\data\v31x\v318rc1
[DEBUG] Migration already effectively installed (skipped): \phpbb\db\migration\data\v31x\update_hashes
[DEBUG] Migration already effectively installed (skipped): \phpbb\db\migration\data\v31x\add_log_time_index
[DEBUG] Migration already effectively installed (skipped): \phpbb\db\migration\data\v31x\v3110
[DEBUG] Migration already effectively installed (skipped): \phpbb\db\migration\data\v31x\v315rc1
[DEBUG] Migration already effectively installed (skipped): \phpbb\db\migration\data\v31x\style_update
[DEBUG] Migration already effectively installed (skipped): \phpbb\db\migration\data\v31x\v319rc1
[DEBUG] Migration already effectively installed (skipped): \phpbb\db\migration\data\v31x\v3111
[DEBUG] Migration already effectively installed (skipped): \phpbb\db\migration\data\v31x\remove_duplicate_migrations
[DEBUG] Migration already effectively installed (skipped): \phpbb\db\migration\data\v31x\v312rc1
[DEBUG] Migration already effectively installed (skipped): \phpbb\db\migration\data\v32x\user_notifications_table_index_p3
[DEBUG] Migration already effectively installed (skipped): \phpbb\db\migration\data\v32x\user_notifications_table_index_p1
[DEBUG] Migration already effectively installed (skipped): \phpbb\db\migration\data\v32x\user_notifications_table_temp_index
[DEBUG] Apply dependencies of \phpbb\db\migration\data\v32x\v321rc1.
[DEBUG] Apply dependencies of \phpbb\db\migration\data\v32x\user_notifications_table_unique_index.
[DEBUG] Apply dependencies of \phpbb\db\migration\data\v32x\user_notifications_table_remove_duplicates.
[DEBUG] Installing Data: \phpbb\db\migration\data\v32x\user_notifications_table_remove_duplicates.
[INFO] Installed Data: \phpbb\db\migration\data\v32x\user_notifications_table_remove_duplicates; Time: 0.00 seconds
[DEBUG] Migration already effectively installed (skipped): \phpbb\db\migration\data\v31x\v313rc2
[DEBUG] Migration already effectively installed (skipped): \phpbb\db\migration\data\v31x\v3110rc1
[DEBUG] Migration already effectively installed (skipped): \phpbb\db\migration\data\v31x\v318
[DEBUG] Migration already effectively installed (skipped): \phpbb\db\migration\data\v31x\add_smtp_ssl_context_config_options
[DEBUG] Migration already effectively installed (skipped): \phpbb\db\migration\data\v31x\m_pm_report
[DEBUG] Migration already effectively installed (skipped): \phpbb\db\migration\data\v31x\v319
[DEBUG] Migration already effectively installed (skipped): \phpbb\db\migration\data\v31x\increase_size_of_dateformat
[DEBUG] Migration already effectively installed (skipped): \phpbb\db\migration\data\v31x\v313rc1
[DEBUG] Migration already effectively installed (skipped): \phpbb\db\migration\data\v31x\v314rc1
[DEBUG] Migration already effectively installed (skipped): \phpbb\db\migration\data\v31x\v314
[DEBUG] Migration already effectively installed (skipped): \phpbb\db\migration\data\v31x\profilefield_yahoo_update_url
[DEBUG] Migration already effectively installed (skipped): \phpbb\db\migration\data\v31x\increase_size_of_emotion
[DEBUG] Migration already effectively installed (skipped): \phpbb\db\migration\data\v31x\add_latest_topics_index
[DEBUG] Migration already effectively installed (skipped): \phpbb\db\migration\data\v31x\v311
[DEBUG] Migration already effectively installed (skipped): \phpbb\db\migration\data\v31x\v313
[DEBUG] Migration already effectively installed (skipped): \phpbb\db\migration\data\v31x\v316rc1
[DEBUG] Migration already effectively installed (skipped): \phpbb\db\migration\data\v31x\v317pl1
[DEBUG] Migration already effectively installed (skipped): \phpbb\db\migration\data\v31x\add_jabber_ssl_context_config_options
[DEBUG] Migration already effectively installed (skipped): \phpbb\db\migration\data\v31x\v317
[DEBUG] Migration already effectively installed (skipped): \phpbb\db\migration\data\v31x\v316
[DEBUG] Migration already effectively installed (skipped): \phpbb\db\migration\data\v31x\profilefield_remove_underscore_from_alpha
[DEBUG] Migration already effectively installed (skipped): \phpbb\db\migration\data\v31x\m_softdelete_global
[DEBUG] Migration already effectively installed (skipped): \phpbb\db\migration\data\v31x\v315
[DEBUG] Migration already effectively installed (skipped): \phpbb\db\migration\data\v31x\v312
[DEBUG] Migration already effectively installed (skipped): \phpbb\db\migration\data\v31x\v317rc1
[DEBUG] Migration already effectively installed (skipped): \phpbb\db\migration\data\v31x\plupload_last_gc_dynamic
[DEBUG] Migration already effectively installed (skipped): \phpbb\db\migration\data\v31x\v314rc2
[DEBUG] Migration already effectively installed (skipped): \phpbb\db\migration\data\v31x\update_custom_bbcodes_with_idn
[DEBUG] Migration already effectively installed (skipped): \phpbb\db\migration\data\v31x\v3111rc1
[DEBUG] Migration already effectively installed (skipped): \phpbb\db\migration\data\v31x\v318rc1
[DEBUG] Migration already effectively installed (skipped): \phpbb\db\migration\data\v31x\update_hashes
[DEBUG] Migration already effectively installed (skipped): \phpbb\db\migration\data\v31x\add_log_time_index
[DEBUG] Migration already effectively installed (skipped): \phpbb\db\migration\data\v31x\v3110
[DEBUG] Migration already effectively installed (skipped): \phpbb\db\migration\data\v31x\v315rc1
[DEBUG] Migration already effectively installed (skipped): \phpbb\db\migration\data\v31x\style_update
[DEBUG] Migration already effectively installed (skipped): \phpbb\db\migration\data\v31x\v319rc1
[DEBUG] Migration already effectively installed (skipped): \phpbb\db\migration\data\v31x\v3111
[DEBUG] Migration already effectively installed (skipped): \phpbb\db\migration\data\v31x\remove_duplicate_migrations
[DEBUG] Migration already effectively installed (skipped): \phpbb\db\migration\data\v31x\v312rc1
[DEBUG] Migration already effectively installed (skipped): \phpbb\db\migration\data\v32x\user_notifications_table_index_p3
[DEBUG] Migration already effectively installed (skipped): \phpbb\db\migration\data\v32x\user_notifications_table_index_p1
[DEBUG] Migration already effectively installed (skipped): \phpbb\db\migration\data\v32x\user_notifications_table_temp_index
[DEBUG] Apply dependencies of \phpbb\db\migration\data\v32x\v321rc1.
[DEBUG] Apply dependencies of \phpbb\db\migration\data\v32x\user_notifications_table_unique_index.
[DEBUG] Installing Schema: \phpbb\db\migration\data\v32x\user_notifications_table_unique_index.
[DEBUG] Installing Schema: \phpbb\db\migration\data\v32x\user_notifications_table_unique_index; Time: 0.18 seconds
[DEBUG] Migration already effectively installed (skipped): \phpbb\db\migration\data\v31x\v313rc2
[DEBUG] Migration already effectively installed (skipped): \phpbb\db\migration\data\v31x\v3110rc1
[DEBUG] Migration already effectively installed (skipped): \phpbb\db\migration\data\v31x\v318
[DEBUG] Migration already effectively installed (skipped): \phpbb\db\migration\data\v31x\add_smtp_ssl_context_config_options
[DEBUG] Migration already effectively installed (skipped): \phpbb\db\migration\data\v31x\m_pm_report
[DEBUG] Migration already effectively installed (skipped): \phpbb\db\migration\data\v31x\v319
[DEBUG] Migration already effectively installed (skipped): \phpbb\db\migration\data\v31x\increase_size_of_dateformat
[DEBUG] Migration already effectively installed (skipped): \phpbb\db\migration\data\v31x\v313rc1
[DEBUG] Migration already effectively installed (skipped): \phpbb\db\migration\data\v31x\v314rc1
[DEBUG] Migration already effectively installed (skipped): \phpbb\db\migration\data\v31x\v314
[DEBUG] Migration already effectively installed (skipped): \phpbb\db\migration\data\v31x\profilefield_yahoo_update_url
[DEBUG] Migration already effectively installed (skipped): \phpbb\db\migration\data\v31x\increase_size_of_emotion
[DEBUG] Migration already effectively installed (skipped): \phpbb\db\migration\data\v31x\add_latest_topics_index
[DEBUG] Migration already effectively installed (skipped): \phpbb\db\migration\data\v31x\v311
[DEBUG] Migration already effectively installed (skipped): \phpbb\db\migration\data\v31x\v313
[DEBUG] Migration already effectively installed (skipped): \phpbb\db\migration\data\v31x\v316rc1
[DEBUG] Migration already effectively installed (skipped): \phpbb\db\migration\data\v31x\v317pl1
[DEBUG] Migration already effectively installed (skipped): \phpbb\db\migration\data\v31x\add_jabber_ssl_context_config_options
[DEBUG] Migration already effectively installed (skipped): \phpbb\db\migration\data\v31x\v317
[DEBUG] Migration already effectively installed (skipped): \phpbb\db\migration\data\v31x\v316
[DEBUG] Migration already effectively installed (skipped): \phpbb\db\migration\data\v31x\profilefield_remove_underscore_from_alpha
[DEBUG] Migration already effectively installed (skipped): \phpbb\db\migration\data\v31x\m_softdelete_global
[DEBUG] Migration already effectively installed (skipped): \phpbb\db\migration\data\v31x\v315
[DEBUG] Migration already effectively installed (skipped): \phpbb\db\migration\data\v31x\v312
[DEBUG] Migration already effectively installed (skipped): \phpbb\db\migration\data\v31x\v317rc1
[DEBUG] Migration already effectively installed (skipped): \phpbb\db\migration\data\v31x\plupload_last_gc_dynamic
[DEBUG] Migration already effectively installed (skipped): \phpbb\db\migration\data\v31x\v314rc2
[DEBUG] Migration already effectively installed (skipped): \phpbb\db\migration\data\v31x\update_custom_bbcodes_with_idn
[DEBUG] Migration already effectively installed (skipped): \phpbb\db\migration\data\v31x\v3111rc1
[DEBUG] Migration already effectively installed (skipped): \phpbb\db\migration\data\v31x\v318rc1
[DEBUG] Migration already effectively installed (skipped): \phpbb\db\migration\data\v31x\update_hashes
[DEBUG] Migration already effectively installed (skipped): \phpbb\db\migration\data\v31x\add_log_time_index
[DEBUG] Migration already effectively installed (skipped): \phpbb\db\migration\data\v31x\v3110
[DEBUG] Migration already effectively installed (skipped): \phpbb\db\migration\data\v31x\v315rc1
[DEBUG] Migration already effectively installed (skipped): \phpbb\db\migration\data\v31x\style_update
[DEBUG] Migration already effectively installed (skipped): \phpbb\db\migration\data\v31x\v319rc1
[DEBUG] Migration already effectively installed (skipped): \phpbb\db\migration\data\v31x\v3111
[DEBUG] Migration already effectively installed (skipped): \phpbb\db\migration\data\v31x\remove_duplicate_migrations
[DEBUG] Migration already effectively installed (skipped): \phpbb\db\migration\data\v31x\v312rc1
[DEBUG] Migration already effectively installed (skipped): \phpbb\db\migration\data\v32x\user_notifications_table_index_p3
[DEBUG] Migration already effectively installed (skipped): \phpbb\db\migration\data\v32x\user_notifications_table_index_p1
[DEBUG] Migration already effectively installed (skipped): \phpbb\db\migration\data\v32x\user_notifications_table_temp_index
[DEBUG] Apply dependencies of \phpbb\db\migration\data\v32x\v321rc1.
[DEBUG] Apply dependencies of \phpbb\db\migration\data\v32x\user_notifications_table_unique_index.
[DEBUG] Installing Schema: \phpbb\db\migration\data\v32x\user_notifications_table_unique_index.
[INFO] Installed Schema: \phpbb\db\migration\data\v32x\user_notifications_table_unique_index; Time: 1.15 seconds
[DEBUG] Migration already effectively installed (skipped): \phpbb\db\migration\data\v31x\v313rc2
[DEBUG] Migration already effectively installed (skipped): \phpbb\db\migration\data\v31x\v3110rc1
[DEBUG] Migration already effectively installed (skipped): \phpbb\db\migration\data\v31x\v318
[DEBUG] Migration already effectively installed (skipped): \phpbb\db\migration\data\v31x\add_smtp_ssl_context_config_options
[DEBUG] Migration already effectively installed (skipped): \phpbb\db\migration\data\v31x\m_pm_report
[DEBUG] Migration already effectively installed (skipped): \phpbb\db\migration\data\v31x\v319
[DEBUG] Migration already effectively installed (skipped): \phpbb\db\migration\data\v31x\increase_size_of_dateformat
[DEBUG] Migration already effectively installed (skipped): \phpbb\db\migration\data\v31x\v313rc1
[DEBUG] Migration already effectively installed (skipped): \phpbb\db\migration\data\v31x\v314rc1
[DEBUG] Migration already effectively installed (skipped): \phpbb\db\migration\data\v31x\v314
[DEBUG] Migration already effectively installed (skipped): \phpbb\db\migration\data\v31x\profilefield_yahoo_update_url
[DEBUG] Migration already effectively installed (skipped): \phpbb\db\migration\data\v31x\increase_size_of_emotion
[DEBUG] Migration already effectively installed (skipped): \phpbb\db\migration\data\v31x\add_latest_topics_index
[DEBUG] Migration already effectively installed (skipped): \phpbb\db\migration\data\v31x\v311
[DEBUG] Migration already effectively installed (skipped): \phpbb\db\migration\data\v31x\v313
[DEBUG] Migration already effectively installed (skipped): \phpbb\db\migration\data\v31x\v316rc1
[DEBUG] Migration already effectively installed (skipped): \phpbb\db\migration\data\v31x\v317pl1
[DEBUG] Migration already effectively installed (skipped): \phpbb\db\migration\data\v31x\add_jabber_ssl_context_config_options
[DEBUG] Migration already effectively installed (skipped): \phpbb\db\migration\data\v31x\v317
[DEBUG] Migration already effectively installed (skipped): \phpbb\db\migration\data\v31x\v316
[DEBUG] Migration already effectively installed (skipped): \phpbb\db\migration\data\v31x\profilefield_remove_underscore_from_alpha
[DEBUG] Migration already effectively installed (skipped): \phpbb\db\migration\data\v31x\m_softdelete_global
[DEBUG] Migration already effectively installed (skipped): \phpbb\db\migration\data\v31x\v315
[DEBUG] Migration already effectively installed (skipped): \phpbb\db\migration\data\v31x\v312
[DEBUG] Migration already effectively installed (skipped): \phpbb\db\migration\data\v31x\v317rc1
[DEBUG] Migration already effectively installed (skipped): \phpbb\db\migration\data\v31x\plupload_last_gc_dynamic
[DEBUG] Migration already effectively installed (skipped): \phpbb\db\migration\data\v31x\v314rc2
[DEBUG] Migration already effectively installed (skipped): \phpbb\db\migration\data\v31x\update_custom_bbcodes_with_idn
[DEBUG] Migration already effectively installed (skipped): \phpbb\db\migration\data\v31x\v3111rc1
[DEBUG] Migration already effectively installed (skipped): \phpbb\db\migration\data\v31x\v318rc1
[DEBUG] Migration already effectively installed (skipped): \phpbb\db\migration\data\v31x\update_hashes
[DEBUG] Migration already effectively installed (skipped): \phpbb\db\migration\data\v31x\add_log_time_index
[DEBUG] Migration already effectively installed (skipped): \phpbb\db\migration\data\v31x\v3110
[DEBUG] Migration already effectively installed (skipped): \phpbb\db\migration\data\v31x\v315rc1
[DEBUG] Migration already effectively installed (skipped): \phpbb\db\migration\data\v31x\style_update
[DEBUG] Migration already effectively installed (skipped): \phpbb\db\migration\data\v31x\v319rc1
[DEBUG] Migration already effectively installed (skipped): \phpbb\db\migration\data\v31x\v3111
[DEBUG] Migration already effectively installed (skipped): \phpbb\db\migration\data\v31x\remove_duplicate_migrations
[DEBUG] Migration already effectively installed (skipped): \phpbb\db\migration\data\v31x\v312rc1
[DEBUG] Migration already effectively installed (skipped): \phpbb\db\migration\data\v32x\user_notifications_table_index_p3
[DEBUG] Migration already effectively installed (skipped): \phpbb\db\migration\data\v32x\user_notifications_table_index_p1
[DEBUG] Migration already effectively installed (skipped): \phpbb\db\migration\data\v32x\user_notifications_table_temp_index
[DEBUG] Apply dependencies of \phpbb\db\migration\data\v32x\v321rc1.
[DEBUG] Apply dependencies of \phpbb\db\migration\data\v32x\user_notifications_table_unique_index.
[DEBUG] Installing Data: \phpbb\db\migration\data\v32x\user_notifications_table_unique_index.
[INFO] Installed Data: \phpbb\db\migration\data\v32x\user_notifications_table_unique_index; Time: 0.00 seconds
[DEBUG] Migration already effectively installed (skipped): \phpbb\db\migration\data\v31x\v313rc2
[DEBUG] Migration already effectively installed (skipped): \phpbb\db\migration\data\v31x\v3110rc1
[DEBUG] Migration already effectively installed (skipped): \phpbb\db\migration\data\v31x\v318
[DEBUG] Migration already effectively installed (skipped): \phpbb\db\migration\data\v31x\add_smtp_ssl_context_config_options
[DEBUG] Migration already effectively installed (skipped): \phpbb\db\migration\data\v31x\m_pm_report
[DEBUG] Migration already effectively installed (skipped): \phpbb\db\migration\data\v31x\v319
[DEBUG] Migration already effectively installed (skipped): \phpbb\db\migration\data\v31x\increase_size_of_dateformat
[DEBUG] Migration already effectively installed (skipped): \phpbb\db\migration\data\v31x\v313rc1
[DEBUG] Migration already effectively installed (skipped): \phpbb\db\migration\data\v31x\v314rc1
[DEBUG] Migration already effectively installed (skipped): \phpbb\db\migration\data\v31x\v314
[DEBUG] Migration already effectively installed (skipped): \phpbb\db\migration\data\v31x\profilefield_yahoo_update_url
[DEBUG] Migration already effectively installed (skipped): \phpbb\db\migration\data\v31x\increase_size_of_emotion
[DEBUG] Migration already effectively installed (skipped): \phpbb\db\migration\data\v31x\add_latest_topics_index
[DEBUG] Migration already effectively installed (skipped): \phpbb\db\migration\data\v31x\v311
[DEBUG] Migration already effectively installed (skipped): \phpbb\db\migration\data\v31x\v313
[DEBUG] Migration already effectively installed (skipped): \phpbb\db\migration\data\v31x\v316rc1
[DEBUG] Migration already effectively installed (skipped): \phpbb\db\migration\data\v31x\v317pl1
[DEBUG] Migration already effectively installed (skipped): \phpbb\db\migration\data\v31x\add_jabber_ssl_context_config_options
[DEBUG] Migration already effectively installed (skipped): \phpbb\db\migration\data\v31x\v317
[DEBUG] Migration already effectively installed (skipped): \phpbb\db\migration\data\v31x\v316
[DEBUG] Migration already effectively installed (skipped): \phpbb\db\migration\data\v31x\profilefield_remove_underscore_from_alpha
[DEBUG] Migration already effectively installed (skipped): \phpbb\db\migration\data\v31x\m_softdelete_global
[DEBUG] Migration already effectively installed (skipped): \phpbb\db\migration\data\v31x\v315
[DEBUG] Migration already effectively installed (skipped): \phpbb\db\migration\data\v31x\v312
[DEBUG] Migration already effectively installed (skipped): \phpbb\db\migration\data\v31x\v317rc1
[DEBUG] Migration already effectively installed (skipped): \phpbb\db\migration\data\v31x\plupload_last_gc_dynamic
[DEBUG] Migration already effectively installed (skipped): \phpbb\db\migration\data\v31x\v314rc2
[DEBUG] Migration already effectively installed (skipped): \phpbb\db\migration\data\v31x\update_custom_bbcodes_with_idn
[DEBUG] Migration already effectively installed (skipped): \phpbb\db\migration\data\v31x\v3111rc1
[DEBUG] Migration already effectively installed (skipped): \phpbb\db\migration\data\v31x\v318rc1
[DEBUG] Migration already effectively installed (skipped): \phpbb\db\migration\data\v31x\update_hashes
[DEBUG] Migration already effectively installed (skipped): \phpbb\db\migration\data\v31x\add_log_time_index
[DEBUG] Migration already effectively installed (skipped): \phpbb\db\migration\data\v31x\v3110
[DEBUG] Migration already effectively installed (skipped): \phpbb\db\migration\data\v31x\v315rc1
[DEBUG] Migration already effectively installed (skipped): \phpbb\db\migration\data\v31x\style_update
[DEBUG] Migration already effectively installed (skipped): \phpbb\db\migration\data\v31x\v319rc1
[DEBUG] Migration already effectively installed (skipped): \phpbb\db\migration\data\v31x\v3111
[DEBUG] Migration already effectively installed (skipped): \phpbb\db\migration\data\v31x\remove_duplicate_migrations
[DEBUG] Migration already effectively installed (skipped): \phpbb\db\migration\data\v31x\v312rc1
[DEBUG] Migration already effectively installed (skipped): \phpbb\db\migration\data\v32x\user_notifications_table_index_p3
[DEBUG] Migration already effectively installed (skipped): \phpbb\db\migration\data\v32x\user_notifications_table_index_p1
[DEBUG] Migration already effectively installed (skipped): \phpbb\db\migration\data\v32x\user_notifications_table_temp_index
[DEBUG] Apply dependencies of \phpbb\db\migration\data\v32x\v321rc1.
[DEBUG] Installing Schema: \phpbb\db\migration\data\v32x\v321rc1.
[INFO] Installed Schema: \phpbb\db\migration\data\v32x\v321rc1; Time: 0.00 seconds
[DEBUG] Migration already effectively installed (skipped): \phpbb\db\migration\data\v31x\v313rc2
[DEBUG] Migration already effectively installed (skipped): \phpbb\db\migration\data\v31x\v3110rc1
[DEBUG] Migration already effectively installed (skipped): \phpbb\db\migration\data\v31x\v318
[DEBUG] Migration already effectively installed (skipped): \phpbb\db\migration\data\v31x\add_smtp_ssl_context_config_options
[DEBUG] Migration already effectively installed (skipped): \phpbb\db\migration\data\v31x\m_pm_report
[DEBUG] Migration already effectively installed (skipped): \phpbb\db\migration\data\v31x\v319
[DEBUG] Migration already effectively installed (skipped): \phpbb\db\migration\data\v31x\increase_size_of_dateformat
[DEBUG] Migration already effectively installed (skipped): \phpbb\db\migration\data\v31x\v313rc1
[DEBUG] Migration already effectively installed (skipped): \phpbb\db\migration\data\v31x\v314rc1
[DEBUG] Migration already effectively installed (skipped): \phpbb\db\migration\data\v31x\v314
[DEBUG] Migration already effectively installed (skipped): \phpbb\db\migration\data\v31x\profilefield_yahoo_update_url
[DEBUG] Migration already effectively installed (skipped): \phpbb\db\migration\data\v31x\increase_size_of_emotion
[DEBUG] Migration already effectively installed (skipped): \phpbb\db\migration\data\v31x\add_latest_topics_index
[DEBUG] Migration already effectively installed (skipped): \phpbb\db\migration\data\v31x\v311
[DEBUG] Migration already effectively installed (skipped): \phpbb\db\migration\data\v31x\v313
[DEBUG] Migration already effectively installed (skipped): \phpbb\db\migration\data\v31x\v316rc1
[DEBUG] Migration already effectively installed (skipped): \phpbb\db\migration\data\v31x\v317pl1
[DEBUG] Migration already effectively installed (skipped): \phpbb\db\migration\data\v31x\add_jabber_ssl_context_config_options
[DEBUG] Migration already effectively installed (skipped): \phpbb\db\migration\data\v31x\v317
[DEBUG] Migration already effectively installed (skipped): \phpbb\db\migration\data\v31x\v316
[DEBUG] Migration already effectively installed (skipped): \phpbb\db\migration\data\v31x\profilefield_remove_underscore_from_alpha
[DEBUG] Migration already effectively installed (skipped): \phpbb\db\migration\data\v31x\m_softdelete_global
[DEBUG] Migration already effectively installed (skipped): \phpbb\db\migration\data\v31x\v315
[DEBUG] Migration already effectively installed (skipped): \phpbb\db\migration\data\v31x\v312
[DEBUG] Migration already effectively installed (skipped): \phpbb\db\migration\data\v31x\v317rc1
[DEBUG] Migration already effectively installed (skipped): \phpbb\db\migration\data\v31x\plupload_last_gc_dynamic
[DEBUG] Migration already effectively installed (skipped): \phpbb\db\migration\data\v31x\v314rc2
[DEBUG] Migration already effectively installed (skipped): \phpbb\db\migration\data\v31x\update_custom_bbcodes_with_idn
[DEBUG] Migration already effectively installed (skipped): \phpbb\db\migration\data\v31x\v3111rc1
[DEBUG] Migration already effectively installed (skipped): \phpbb\db\migration\data\v31x\v318rc1
[DEBUG] Migration already effectively installed (skipped): \phpbb\db\migration\data\v31x\update_hashes
[DEBUG] Migration already effectively installed (skipped): \phpbb\db\migration\data\v31x\add_log_time_index
[DEBUG] Migration already effectively installed (skipped): \phpbb\db\migration\data\v31x\v3110
[DEBUG] Migration already effectively installed (skipped): \phpbb\db\migration\data\v31x\v315rc1
[DEBUG] Migration already effectively installed (skipped): \phpbb\db\migration\data\v31x\style_update
[DEBUG] Migration already effectively installed (skipped): \phpbb\db\migration\data\v31x\v319rc1
[DEBUG] Migration already effectively installed (skipped): \phpbb\db\migration\data\v31x\v3111
[DEBUG] Migration already effectively installed (skipped): \phpbb\db\migration\data\v31x\remove_duplicate_migrations
[DEBUG] Migration already effectively installed (skipped): \phpbb\db\migration\data\v31x\v312rc1
[DEBUG] Migration already effectively installed (skipped): \phpbb\db\migration\data\v32x\user_notifications_table_index_p3
[DEBUG] Migration already effectively installed (skipped): \phpbb\db\migration\data\v32x\user_notifications_table_index_p1
[DEBUG] Migration already effectively installed (skipped): \phpbb\db\migration\data\v32x\user_notifications_table_temp_index
[DEBUG] Apply dependencies of \phpbb\db\migration\data\v32x\v321rc1.
[DEBUG] Installing Data: \phpbb\db\migration\data\v32x\v321rc1.
[INFO] Installed Data: \phpbb\db\migration\data\v32x\v321rc1; Time: 0.00 seconds
[DEBUG] Migration already effectively installed (skipped): \phpbb\db\migration\data\v31x\v313rc2
[DEBUG] Migration already effectively installed (skipped): \phpbb\db\migration\data\v31x\v3110rc1
[DEBUG] Migration already effectively installed (skipped): \phpbb\db\migration\data\v31x\v318
[DEBUG] Migration already effectively installed (skipped): \phpbb\db\migration\data\v31x\add_smtp_ssl_context_config_options
[DEBUG] Migration already effectively installed (skipped): \phpbb\db\migration\data\v31x\m_pm_report
[DEBUG] Migration already effectively installed (skipped): \phpbb\db\migration\data\v31x\v319
[DEBUG] Migration already effectively installed (skipped): \phpbb\db\migration\data\v31x\increase_size_of_dateformat
[DEBUG] Migration already effectively installed (skipped): \phpbb\db\migration\data\v31x\v313rc1
[DEBUG] Migration already effectively installed (skipped): \phpbb\db\migration\data\v31x\v314rc1
[DEBUG] Migration already effectively installed (skipped): \phpbb\db\migration\data\v31x\v314
[DEBUG] Migration already effectively installed (skipped): \phpbb\db\migration\data\v31x\profilefield_yahoo_update_url
[DEBUG] Migration already effectively installed (skipped): \phpbb\db\migration\data\v31x\increase_size_of_emotion
[DEBUG] Migration already effectively installed (skipped): \phpbb\db\migration\data\v31x\add_latest_topics_index
[DEBUG] Migration already effectively installed (skipped): \phpbb\db\migration\data\v31x\v311
[DEBUG] Migration already effectively installed (skipped): \phpbb\db\migration\data\v31x\v313
[DEBUG] Migration already effectively installed (skipped): \phpbb\db\migration\data\v31x\v316rc1
[DEBUG] Migration already effectively installed (skipped): \phpbb\db\migration\data\v31x\v317pl1
[DEBUG] Migration already effectively installed (skipped): \phpbb\db\migration\data\v31x\add_jabber_ssl_context_config_options
[DEBUG] Migration already effectively installed (skipped): \phpbb\db\migration\data\v31x\v317
[DEBUG] Migration already effectively installed (skipped): \phpbb\db\migration\data\v31x\v316
[DEBUG] Migration already effectively installed (skipped): \phpbb\db\migration\data\v31x\profilefield_remove_underscore_from_alpha
[DEBUG] Migration already effectively installed (skipped): \phpbb\db\migration\data\v31x\m_softdelete_global
[DEBUG] Migration already effectively installed (skipped): \phpbb\db\migration\data\v31x\v315
[DEBUG] Migration already effectively installed (skipped): \phpbb\db\migration\data\v31x\v312
[DEBUG] Migration already effectively installed (skipped): \phpbb\db\migration\data\v31x\v317rc1
[DEBUG] Migration already effectively installed (skipped): \phpbb\db\migration\data\v31x\plupload_last_gc_dynamic
[DEBUG] Migration already effectively installed (skipped): \phpbb\db\migration\data\v31x\v314rc2
[DEBUG] Migration already effectively installed (skipped): \phpbb\db\migration\data\v31x\update_custom_bbcodes_with_idn
[DEBUG] Migration already effectively installed (skipped): \phpbb\db\migration\data\v31x\v3111rc1
[DEBUG] Migration already effectively installed (skipped): \phpbb\db\migration\data\v31x\v318rc1
[DEBUG] Migration already effectively installed (skipped): \phpbb\db\migration\data\v31x\update_hashes
[DEBUG] Migration already effectively installed (skipped): \phpbb\db\migration\data\v31x\add_log_time_index
[DEBUG] Migration already effectively installed (skipped): \phpbb\db\migration\data\v31x\v3110
[DEBUG] Migration already effectively installed (skipped): \phpbb\db\migration\data\v31x\v315rc1
[DEBUG] Migration already effectively installed (skipped): \phpbb\db\migration\data\v31x\style_update
[DEBUG] Migration already effectively installed (skipped): \phpbb\db\migration\data\v31x\v319rc1
[DEBUG] Migration already effectively installed (skipped): \phpbb\db\migration\data\v31x\v3111
[DEBUG] Migration already effectively installed (skipped): \phpbb\db\migration\data\v31x\remove_duplicate_migrations
[DEBUG] Migration already effectively installed (skipped): \phpbb\db\migration\data\v31x\v312rc1
[DEBUG] Migration already effectively installed (skipped): \phpbb\db\migration\data\v32x\user_notifications_table_index_p3
[DEBUG] Migration already effectively installed (skipped): \phpbb\db\migration\data\v32x\user_notifications_table_index_p1
[DEBUG] Migration already effectively installed (skipped): \phpbb\db\migration\data\v32x\user_notifications_table_temp_index
[DEBUG] Migration already effectively installed (skipped): \phpbb\db\migration\data\v32x\v321rc1
[DEBUG] Apply dependencies of \phpbb\db\migration\data\v32x\v321.
[DEBUG] Installing Schema: \phpbb\db\migration\data\v32x\v321.
[INFO] Installed Schema: \phpbb\db\migration\data\v32x\v321; Time: 0.00 seconds
[DEBUG] Migration already effectively installed (skipped): \phpbb\db\migration\data\v31x\v313rc2
[DEBUG] Migration already effectively installed (skipped): \phpbb\db\migration\data\v31x\v3110rc1
[DEBUG] Migration already effectively installed (skipped): \phpbb\db\migration\data\v31x\v318
[DEBUG] Migration already effectively installed (skipped): \phpbb\db\migration\data\v31x\add_smtp_ssl_context_config_options
[DEBUG] Migration already effectively installed (skipped): \phpbb\db\migration\data\v31x\m_pm_report
[DEBUG] Migration already effectively installed (skipped): \phpbb\db\migration\data\v31x\v319
[DEBUG] Migration already effectively installed (skipped): \phpbb\db\migration\data\v31x\increase_size_of_dateformat
[DEBUG] Migration already effectively installed (skipped): \phpbb\db\migration\data\v31x\v313rc1
[DEBUG] Migration already effectively installed (skipped): \phpbb\db\migration\data\v31x\v314rc1
[DEBUG] Migration already effectively installed (skipped): \phpbb\db\migration\data\v31x\v314
[DEBUG] Migration already effectively installed (skipped): \phpbb\db\migration\data\v31x\profilefield_yahoo_update_url
[DEBUG] Migration already effectively installed (skipped): \phpbb\db\migration\data\v31x\increase_size_of_emotion
[DEBUG] Migration already effectively installed (skipped): \phpbb\db\migration\data\v31x\add_latest_topics_index
[DEBUG] Migration already effectively installed (skipped): \phpbb\db\migration\data\v31x\v311
[DEBUG] Migration already effectively installed (skipped): \phpbb\db\migration\data\v31x\v313
[DEBUG] Migration already effectively installed (skipped): \phpbb\db\migration\data\v31x\v316rc1
[DEBUG] Migration already effectively installed (skipped): \phpbb\db\migration\data\v31x\v317pl1
[DEBUG] Migration already effectively installed (skipped): \phpbb\db\migration\data\v31x\add_jabber_ssl_context_config_options
[DEBUG] Migration already effectively installed (skipped): \phpbb\db\migration\data\v31x\v317
[DEBUG] Migration already effectively installed (skipped): \phpbb\db\migration\data\v31x\v316
[DEBUG] Migration already effectively installed (skipped): \phpbb\db\migration\data\v31x\profilefield_remove_underscore_from_alpha
[DEBUG] Migration already effectively installed (skipped): \phpbb\db\migration\data\v31x\m_softdelete_global
[DEBUG] Migration already effectively installed (skipped): \phpbb\db\migration\data\v31x\v315
[DEBUG] Migration already effectively installed (skipped): \phpbb\db\migration\data\v31x\v312
[DEBUG] Migration already effectively installed (skipped): \phpbb\db\migration\data\v31x\v317rc1
[DEBUG] Migration already effectively installed (skipped): \phpbb\db\migration\data\v31x\plupload_last_gc_dynamic
[DEBUG] Migration already effectively installed (skipped): \phpbb\db\migration\data\v31x\v314rc2
[DEBUG] Migration already effectively installed (skipped): \phpbb\db\migration\data\v31x\update_custom_bbcodes_with_idn
[DEBUG] Migration already effectively installed (skipped): \phpbb\db\migration\data\v31x\v3111rc1
[DEBUG] Migration already effectively installed (skipped): \phpbb\db\migration\data\v31x\v318rc1
[DEBUG] Migration already effectively installed (skipped): \phpbb\db\migration\data\v31x\update_hashes
[DEBUG] Migration already effectively installed (skipped): \phpbb\db\migration\data\v31x\add_log_time_index
[DEBUG] Migration already effectively installed (skipped): \phpbb\db\migration\data\v31x\v3110
[DEBUG] Migration already effectively installed (skipped): \phpbb\db\migration\data\v31x\v315rc1
[DEBUG] Migration already effectively installed (skipped): \phpbb\db\migration\data\v31x\style_update
[DEBUG] Migration already effectively installed (skipped): \phpbb\db\migration\data\v31x\v319rc1
[DEBUG] Migration already effectively installed (skipped): \phpbb\db\migration\data\v31x\v3111
[DEBUG] Migration already effectively installed (skipped): \phpbb\db\migration\data\v31x\remove_duplicate_migrations
[DEBUG] Migration already effectively installed (skipped): \phpbb\db\migration\data\v31x\v312rc1
[DEBUG] Migration already effectively installed (skipped): \phpbb\db\migration\data\v32x\user_notifications_table_index_p3
[DEBUG] Migration already effectively installed (skipped): \phpbb\db\migration\data\v32x\user_notifications_table_index_p1
[DEBUG] Migration already effectively installed (skipped): \phpbb\db\migration\data\v32x\user_notifications_table_temp_index
[DEBUG] Migration already effectively installed (skipped): \phpbb\db\migration\data\v32x\v321rc1
[DEBUG] Apply dependencies of \phpbb\db\migration\data\v32x\v321.
[DEBUG] Installing Data: \phpbb\db\migration\data\v32x\v321.
[INFO] Installed Data: \phpbb\db\migration\data\v32x\v321; Time: 0.00 seconds
[DEBUG] Apply dependencies of \phpbb\viglink\migrations\viglink_cron.
[DEBUG] Apply dependencies of \phpbb\viglink\migrations\viglink_data.
[DEBUG] Installing Schema: \phpbb\viglink\migrations\viglink_data.
[INFO] Installed Schema: \phpbb\viglink\migrations\viglink_data; Time: 0.00 seconds
[DEBUG] Apply dependencies of \phpbb\viglink\migrations\viglink_cron.
[DEBUG] Apply dependencies of \phpbb\viglink\migrations\viglink_data.
[DEBUG] Installing Data: \phpbb\viglink\migrations\viglink_data.
[DEBUG] Installing Data: \phpbb\viglink\migrations\viglink_data; Time: 0.00 seconds
[DEBUG] Apply dependencies of \phpbb\viglink\migrations\viglink_cron.
[DEBUG] Apply dependencies of \phpbb\viglink\migrations\viglink_data.
[DEBUG] Installing Data: \phpbb\viglink\migrations\viglink_data.
[DEBUG] Installing Data: \phpbb\viglink\migrations\viglink_data; Time: 0.00 seconds
[DEBUG] Apply dependencies of \phpbb\viglink\migrations\viglink_cron.
[DEBUG] Apply dependencies of \phpbb\viglink\migrations\viglink_data.
[DEBUG] Installing Data: \phpbb\viglink\migrations\viglink_data.
[DEBUG] Installing Data: \phpbb\viglink\migrations\viglink_data; Time: 0.00 seconds
[DEBUG] Apply dependencies of \phpbb\viglink\migrations\viglink_cron.
[DEBUG] Apply dependencies of \phpbb\viglink\migrations\viglink_data.
[DEBUG] Installing Data: \phpbb\viglink\migrations\viglink_data.
[DEBUG] Installing Data: \phpbb\viglink\migrations\viglink_data; Time: 0.00 seconds
[DEBUG] Apply dependencies of \phpbb\viglink\migrations\viglink_cron.
[DEBUG] Apply dependencies of \phpbb\viglink\migrations\viglink_data.
[DEBUG] Installing Data: \phpbb\viglink\migrations\viglink_data.
[DEBUG] Installing Data: \phpbb\viglink\migrations\viglink_data; Time: 0.00 seconds
[DEBUG] Apply dependencies of \phpbb\viglink\migrations\viglink_cron.
[DEBUG] Apply dependencies of \phpbb\viglink\migrations\viglink_data.
[DEBUG] Installing Data: \phpbb\viglink\migrations\viglink_data.
[DEBUG] Installing Data: \phpbb\viglink\migrations\viglink_data; Time: 0.00 seconds
[DEBUG] Apply dependencies of \phpbb\viglink\migrations\viglink_cron.
[DEBUG] Apply dependencies of \phpbb\viglink\migrations\viglink_data.
[DEBUG] Installing Data: \phpbb\viglink\migrations\viglink_data.
[DEBUG] Installing Data: \phpbb\viglink\migrations\viglink_data; Time: 0.00 seconds
[DEBUG] Apply dependencies of \phpbb\viglink\migrations\viglink_cron.
[DEBUG] Apply dependencies of \phpbb\viglink\migrations\viglink_data.
[DEBUG] Installing Data: \phpbb\viglink\migrations\viglink_data.
[INFO] Installed Data: \phpbb\viglink\migrations\viglink_data; Time: 0.03 seconds
[DEBUG] Apply dependencies of \phpbb\viglink\migrations\viglink_cron.
[DEBUG] Migration already effectively installed (skipped): \phpbb\viglink\migrations\viglink_cron
[DEBUG] Migration already effectively installed (skipped): \phpbb\viglink\migrations\viglink_cron
[DEBUG] Apply dependencies of \phpbb\viglink\migrations\viglink_data_v2.
[DEBUG] Installing Schema: \phpbb\viglink\migrations\viglink_data_v2.
[INFO] Installed Schema: \phpbb\viglink\migrations\viglink_data_v2; Time: 0.00 seconds
[DEBUG] Migration already effectively installed (skipped): \phpbb\viglink\migrations\viglink_cron
[DEBUG] Apply dependencies of \phpbb\viglink\migrations\viglink_data_v2.
[DEBUG] Installing Data: \phpbb\viglink\migrations\viglink_data_v2.
[DEBUG] Installing Data: \phpbb\viglink\migrations\viglink_data_v2; Time: 0.00 seconds
[DEBUG] Migration already effectively installed (skipped): \phpbb\viglink\migrations\viglink_cron
[DEBUG] Apply dependencies of \phpbb\viglink\migrations\viglink_data_v2.
[DEBUG] Installing Data: \phpbb\viglink\migrations\viglink_data_v2.
[INFO] Installed Data: \phpbb\viglink\migrations\viglink_data_v2; Time: 0.00 seconds
[DEBUG] Migration already effectively installed (skipped): \phpbb\viglink\migrations\viglink_cron
[DEBUG] Migration already effectively installed (skipped): \phpbb\viglink\migrations\viglink_data_v2
[DEBUG] Apply dependencies of \phpbb\viglink\migrations\viglink_ask_admin.
[DEBUG] Installing Schema: \phpbb\viglink\migrations\viglink_ask_admin.
[INFO] Installed Schema: \phpbb\viglink\migrations\viglink_ask_admin; Time: 0.00 seconds
[DEBUG] Migration already effectively installed (skipped): \phpbb\viglink\migrations\viglink_cron
[DEBUG] Migration already effectively installed (skipped): \phpbb\viglink\migrations\viglink_data_v2
[DEBUG] Apply dependencies of \phpbb\viglink\migrations\viglink_ask_admin.
[DEBUG] Installing Data: \phpbb\viglink\migrations\viglink_ask_admin.
[INFO] Installed Data: \phpbb\viglink\migrations\viglink_ask_admin; Time: 0.00 seconds
[DEBUG] Migration already effectively installed (skipped): \phpbb\viglink\migrations\viglink_cron
[DEBUG] Migration already effectively installed (skipped): \phpbb\viglink\migrations\viglink_data_v2
[DEBUG] Migration already effectively installed (skipped): \phpbb\viglink\migrations\viglink_ask_admin
[DEBUG] Migration already effectively installed (skipped): \phpbb\viglink\migrations\viglink_data
[DEBUG] Apply dependencies of \phpbb\viglink\migrations\viglink_ask_admin_wait.
[DEBUG] Installing Schema: \phpbb\viglink\migrations\viglink_ask_admin_wait.
[INFO] Installed Schema: \phpbb\viglink\migrations\viglink_ask_admin_wait; Time: 0.00 seconds
[DEBUG] Migration already effectively installed (skipped): \phpbb\viglink\migrations\viglink_cron
[DEBUG] Migration already effectively installed (skipped): \phpbb\viglink\migrations\viglink_data_v2
[DEBUG] Migration already effectively installed (skipped): \phpbb\viglink\migrations\viglink_ask_admin
[DEBUG] Migration already effectively installed (skipped): \phpbb\viglink\migrations\viglink_data
[DEBUG] Apply dependencies of \phpbb\viglink\migrations\viglink_ask_admin_wait.
[DEBUG] Installing Data: \phpbb\viglink\migrations\viglink_ask_admin_wait.
[INFO] Installed Data: \phpbb\viglink\migrations\viglink_ask_admin_wait; Time: 0.00 seconds
